[Sun Sep 27 17:20:47 2020] App is starting up...
[Sun Sep 27 17:20:55 2020] Brian has logged in as Player 1 using (R)ed token.
[Sun Sep 27 17:20:55 2020] Juliet has logged in as Player 2 using (Y)ellow token.
[Sun Sep 27 17:21:23 2020] GAME OVER! Juliet has won.
[Mon Sep 28 17:10:12 2020] App is starting up...
[Mon Sep 28 17:17:46 2020] App is starting up...
[Mon Sep 28 17:21:06 2020] App is starting up...
[Mon Sep 28 17:21:23 2020] Brian has logged in as Player 1 using (R)ed token.
[Mon Sep 28 17:21:23 2020] Juliet has logged in as Player 2 using (Y)ellow token.
[Mon Sep 28 17:22:23 2020] App is starting up...
[Mon Sep 28 17:22:27 2020] Brian has logged in as Player 1 using (R)ed token.
[Mon Sep 28 17:22:27 2020] Juliet has logged in as Player 2 using (Y)ellow token.
[Mon Sep 28 17:23:03 2020] App is starting up...
[Mon Sep 28 17:23:09 2020] Brian has logged in as Player 1 using (R)ed token.
[Mon Sep 28 17:23:09 2020] Juliet has logged in as Player 2 using (Y)ellow token.
[Mon Sep 28 17:24:03 2020] App is starting up...
[Mon Sep 28 17:24:07 2020] Brian has logged in as Player 1 using (R)ed token.
[Mon Sep 28 17:24:07 2020] Juliet has logged in as Player 2 using (Y)ellow token.
[Mon Sep 28 17:24:21 2020] GAME OVER! Brian has won.
[Mon Sep 28 17:24:30 2020] App is starting up...
[Mon Sep 28 17:24:34 2020] Brian has logged in as Player 1 using (R)ed token.
[Mon Sep 28 17:24:34 2020] Juliet has logged in as Player 2 using (Y)ellow token.
[Mon Sep 28 17:24:44 2020] GAME OVER! Juliet has won.
[Mon Sep 28 17:25:55 2020] App is starting up...
[Mon Sep 28 17:26:32 2020] App is starting up...
[Mon Sep 28 17:29:41 2020] App is starting up...
[Mon Sep 28 17:29:45 2020]  has logged in as Player 1 using (R)ed token.
[Mon Sep 28 17:29:45 2020]  has logged in as Player 2 using (Y)ellow token.
